<?xml version="1.0" encoding="UTF-8"?>
<!-- Generated by org.testng.reporters.JUnitXMLReporter -->
<testsuite ignored="3" hostname="jayesh-pc" failures="0" tests="3" name="Default test(failed)" time="0.179" errors="0" timestamp="2022-04-15T10:55:15 IST">
  <testcase classname="TestCases.FailedTest" name="method6" time="0.029"/>
  <testcase classname="TestCases.FailedTest" name="method11" time="0.004"/>
  <testcase classname="TestCases.FailedTest" name="method5" time="0.004"/>
  <testcase classname="TestCases.FailedTest" name="method4" time="0.0">
    <ignored/>
  </testcase> <!-- method4 -->
  <testcase classname="TestCases.FailedTest" name="method3" time="0.0">
    <ignored/>
  </testcase> <!-- method3 -->
  <testcase classname="TestCases.FailedTest" name="method2" time="0.0">
    <ignored/>
  </testcase> <!-- method2 -->
</testsuite> <!-- Default test(failed) -->
